#
# A fatal error has been detected by the Java Runtime Environment:
#
#  SIGBUS (0x7) at pc=0x00007f72db1121f0, pid=30141, tid=140131293583104
#
# JRE version: 6.0_43-b01
# Java VM: Java HotSpot(TM) 64-Bit Server VM (20.14-b01 mixed mode linux-amd64 compressed oops)
# Problematic frame:
# C  [libzip.so+0xb1f0]  __int128+0x60
#
# If you would like to submit a bug report, please visit:
#   http://java.sun.com/webapps/bugreport/crash.jsp
# The crash happened outside the Java Virtual Machine in native code.
# See problematic frame for where to report the bug.
#

---------------  T H R E A D  ---------------

Current thread (0x00007f72d400f800):  JavaThread "main" [_thread_in_native, id=30145, stack(0x00007f72dbe9d000,0x00007f72dbf9e000)]

siginfo:si_signo=SIGBUS: si_errno=0, si_code=2 (BUS_ADRERR), si_addr=0x00007f72d1ad4f90

Registers:
RAX=0x0000000000000000, RBX=0x00007f72d44faf48, RCX=0x0000000000000044, RDX=0x00007f72d4000020
RSP=0x00007f72dbf9b260, RBP=0x00007f72d1ad4f73, RSI=0x0000000000000040, RDI=0x0000000000000003
R8 =0x0000000000000005, R9 =0x00000000000003ff, R10=0x00007f72dcd383d8, R11=0x00007f72dcd3c278
R12=0x00007f72d5a19ea0, R13=0x0000000050d0909b, R14=0x00007f72d44fab90, R15=0x0000000000000026
RIP=0x00007f72db1121f0, EFLAGS=0x0000000000010202, CSGSFS=0x0000000000000033, ERR=0x0000000000000004
  TRAPNO=0x000000000000000e

Top of Stack: (sp=0x00007f72dbf9b260)
0x00007f72dbf9b260:   00000000dbf9b280 00007f72d44faf48
0x00007f72dbf9b270:   00007f72d44fab90 0000000000000000
0x00007f72dbf9b280:   0000000050d0909b 00007f72dbf9b2f0
0x00007f72dbf9b290:   0000000000000026 00007f72db1125c4
0x00007f72dbf9b2a0:   00007f72d400f800 00007f72dbf9b2f0
0x00007f72dbf9b2b0:   00007f72d400f9d0 0000000000000026
0x00007f72dbf9b2c0:   00007f72dbf9b748 0000000000000026
0x00007f72dbf9b2d0:   0000000000000001 00007f72db10a797
0x00007f72dbf9b2e0:   00007f72dbf9b2f0 00007f72d44fab90
0x00007f72dbf9b2f0:   636170612f67726f 6f6f6461682f6568
0x00007f72dbf9b300:   712f657669682f70 7265766972442f6c
0x00007f72dbf9b310:   00007373616c632e 00007f72d813f260
0x00007f72dbf9b320:   00007f7200000001 00007f72d40105e0
0x00007f72dbf9b330:   00007f72dbf9b3c0 00007f72d400f800
0x00007f72dbf9b340:   00000000f5aa9ba8 00007f72dbf9b3c0
0x00007f72dbf9b350:   00007f72dbf9b540 00007f72dbf9b400
0x00007f72dbf9b360:   00007f72dbf9b380 00007f72dc7e57cf
0x00007f72dbf9b370:   00007f72d40105e0 00007f72d40105e0
0x00007f72dbf9b380:   00007f72dbf9b4d0 00007f72dc7b7167
0x00007f72dbf9b390:   0000000216480411 00007f72d40105d8
0x00007f72dbf9b3a0:   00007f72dbf9b540 00007f72d400f9d0
0x00007f72dbf9b3b0:   00007f72d40105e0 00007f72d40105c0
0x00007f72dbf9b3c0:   00007f72dcd1fad0 00007f72d40105e8
0x00007f72dbf9b3d0:   00000000d400f800 00007f72dcd36e50
0x00007f72dbf9b3e0:   0000000000000000 00007f72dc74ab68
0x00007f72dbf9b3f0:   00007f72d40105e0 0000000000000001
0x00007f72dbf9b400:   00007f72dbf9b4b0 00000000f5aa98e8
0x00007f72dbf9b410:   00000000e0000090 00007f72d40105c0
0x00007f72dbf9b420:   00000000daf65770 0000000000000000
0x00007f72dbf9b430:   0000000000000001 00007f72d40105c0
0x00007f72dbf9b440:   00007f72d400f800 00007f72db010180
0x00007f72dbf9b450:   00007f72dbf9b480 00007f72dbf9b408 

Instructions: (pc=0x00007f72db1121f0)
0x00007f72db1121d0:   00 49 c7 44 24 28 00 00 00 00 41 80 7e 30 00 0f
0x00007f72db1121e0:   84 32 02 00 00 8b 6b 04 49 03 6e 18 49 2b 6e 28
0x00007f72db1121f0:   0f b6 45 1d 44 0f b6 6d 1c 44 0f b6 7d 1e 0f b6
0x00007f72db112200:   5d 20 0f b6 4d 0c 0f b6 55 0e c1 e0 08 41 09 c5 

Register to memory mapping:

RAX=0x0000000000000000 is an unknown value
RBX=0x00007f72d44faf48 is an unknown value
RCX=0x0000000000000044 is an unknown value
RDX=0x00007f72d4000020 is an unknown value
RSP=0x00007f72dbf9b260 is pointing into the stack for thread: 0x00007f72d400f800
RBP=0x00007f72d1ad4f73 is an unknown value
RSI=0x0000000000000040 is an unknown value
RDI=0x0000000000000003 is an unknown value
R8 =0x0000000000000005 is an unknown value
R9 =0x00000000000003ff is an unknown value
R10=0x00007f72dcd383d8: <offset 0xa9e3d8> in /usr/local/jdk6u43/jre/lib/amd64/server/libjvm.so at 0x00007f72dc29a000
R11=0x00007f72dcd3c278: <offset 0xaa2278> in /usr/local/jdk6u43/jre/lib/amd64/server/libjvm.so at 0x00007f72dc29a000
R12=0x00007f72d5a19ea0 is an unknown value
R13=0x0000000050d0909b is an unknown value
R14=0x00007f72d44fab90 is an unknown value
R15=0x0000000000000026 is an unknown value


Stack: [0x00007f72dbe9d000,0x00007f72dbf9e000],  sp=0x00007f72dbf9b260,  free space=1016k
Native frames: (J=compiled Java code, j=interpreted, Vv=VM code, C=native code)
C  [libzip.so+0xb1f0]  __int128+0x60

Java frames: (J=compiled Java code, j=interpreted, Vv=VM code)
J  java.util.zip.ZipFile.getEntry(JLjava/lang/String;Z)J
J  java.util.jar.JarFile.getJarEntry(Ljava/lang/String;)Ljava/util/jar/JarEntry;
J  sun.misc.URLClassPath$JarLoader.getResource(Ljava/lang/String;Z)Lsun/misc/Resource;
J  sun.misc.URLClassPath$1.next()Z
j  sun.misc.URLClassPath$1.hasMoreElements()Z+1
j  java.net.URLClassLoader$3$1.run()Ljava/lang/Object;+7
v  ~StubRoutines::call_stub
J  java.security.AccessController.doPrivileged(Ljava/security/PrivilegedAction;Ljava/security/AccessControlContext;)Ljava/lang/Object;
j  java.net.URLClassLoader$3.next()Z+24
j  java.net.URLClassLoader$3.hasMoreElements()Z+1
J  sun.misc.CompoundEnumeration.next()Z
j  sun.misc.CompoundEnumeration.hasMoreElements()Z+1
j  org.apache.hadoop.mapred.JobConf.findContainingJar(Ljava/lang/Class;)Ljava/lang/String;+42
j  org.apache.hadoop.mapred.JobConf.setJarByClass(Ljava/lang/Class;)V+1
j  org.apache.hadoop.mapred.JobConf.<init>(Ljava/lang/Class;)V+6
j  org.apache.hadoop.hive.conf.HiveConf.initialize(Ljava/lang/Class;)V+6
j  org.apache.hadoop.hive.conf.HiveConf.<init>(Ljava/lang/Class;)V+6
j  org.apache.hadoop.hive.ql.QTestUtil.clearTestSideEffects()V+291
j  org.apache.hadoop.hive.cli.TestCliDriver.setUp()V+3
j  junit.framework.TestCase.runBare()V+1
j  junit.framework.TestResult$1.protect()V+4
j  junit.framework.TestResult.runProtected(Ljunit/framework/Test;Ljunit/framework/Protectable;)V+1
j  junit.framework.TestResult.run(Ljunit/framework/TestCase;)V+17
j  junit.framework.TestCase.run(Ljunit/framework/TestResult;)V+2
j  junit.framework.TestSuite.runTest(Ljunit/framework/Test;Ljunit/framework/TestResult;)V+2
j  junit.framework.TestSuite.run(Ljunit/framework/TestResult;)V+31
j  org.apache.tools.ant.taskdefs.optional.junit.JUnitTestRunner.run()V+648
j  org.apache.tools.ant.taskdefs.optional.junit.JUnitTestRunner.launch(Lorg/apache/tools/ant/taskdefs/optional/junit/JUnitTest;[Ljava/lang/String;ZZZZZZ)I+41
j  org.apache.tools.ant.taskdefs.optional.junit.JUnitTestRunner.main([Ljava/lang/String;)V+918
v  ~StubRoutines::call_stub

---------------  P R O C E S S  ---------------

Java Threads: ( => current thread )
  0x00007f72d4a66000 JavaThread "main-EventThread" daemon [_thread_blocked, id=30217, stack(0x00007f72d09f3000,0x00007f72d0af4000)]
  0x00007f72d4d20000 JavaThread "main-SendThread(localhost:49183)" daemon [_thread_in_native, id=30216, stack(0x00007f72d0af4000,0x00007f72d0bf5000)]
  0x00007f72d4dc3800 JavaThread "derby.rawStoreDaemon" daemon [_thread_blocked, id=30179, stack(0x00007f72d0bf5000,0x00007f72d0cf6000)]
  0x00007f72d4dd9000 JavaThread "Timer-0" daemon [_thread_blocked, id=30176, stack(0x00007f72d0cf6000,0x00007f72d0df7000)]
  0x00007f72d4e12000 JavaThread "derby.antiGC" daemon [_thread_blocked, id=30175, stack(0x00007f72d0df7000,0x00007f72d0ef8000)]
  0x00007f72d48db800 JavaThread "ProcessThread(sid:0 cport:-1):" [_thread_blocked, id=30165, stack(0x00007f72d1201000,0x00007f72d1302000)]
  0x00007f72d4bd2800 JavaThread "SyncThread:0" [_thread_blocked, id=30164, stack(0x00007f72d1302000,0x00007f72d1403000)]
  0x00007f72d4c21000 JavaThread "SessionTracker" [_thread_blocked, id=30163, stack(0x00007f72d1403000,0x00007f72d1504000)]
  0x00007f72d4c1e000 JavaThread "NIOServerCxn.Factory:0.0.0.0/0.0.0.0:49183" daemon [_thread_in_native, id=30162, stack(0x00007f72d1504000,0x00007f72d1605000)]
  0x00007f72d40a1800 JavaThread "Low Memory Detector" daemon [_thread_blocked, id=30160, stack(0x00007f72d1e11000,0x00007f72d1f12000)]
  0x00007f72d409f000 JavaThread "C2 CompilerThread1" daemon [_thread_blocked, id=30159, stack(0x00007f72d1f12000,0x00007f72d2013000)]
  0x00007f72d409c800 JavaThread "C2 CompilerThread0" daemon [_thread_in_vm, id=30158, stack(0x00007f72d2013000,0x00007f72d2114000)]
  0x00007f72d409a000 JavaThread "Signal Dispatcher" daemon [_thread_blocked, id=30157, stack(0x00007f72d2114000,0x00007f72d2215000)]
  0x00007f72d407d800 JavaThread "Finalizer" daemon [_thread_blocked, id=30156, stack(0x00007f72d28f6000,0x00007f72d29f7000)]
  0x00007f72d407c000 JavaThread "Reference Handler" daemon [_thread_blocked, id=30155, stack(0x00007f72d29f7000,0x00007f72d2af8000)]
=>0x00007f72d400f800 JavaThread "main" [_thread_in_native, id=30145, stack(0x00007f72dbe9d000,0x00007f72dbf9e000)]

Other Threads:
  0x00007f72d4075000 VMThread [stack: 0x00007f72d2af8000,0x00007f72d2bf9000] [id=30154]
  0x00007f72d40b4800 WatcherThread [stack: 0x00007f72d1d10000,0x00007f72d1e11000] [id=30161]

VM state:not at safepoint (normal execution)

VM Mutex/Monitor currently owned by a thread:  ([mutex/lock_event])
[0x00007f72d400cdb0] CompiledIC_lock - owner thread: 0x00007f72d409c800

Heap
 PSYoungGen      total 12992K, used 5696K [0x00000000f5560000, 0x00000000f6570000, 0x0000000100000000)
  eden space 12864K, 43% used [0x00000000f5560000,0x00000000f5ad0090,0x00000000f61f0000)
  from space 128K, 100% used [0x00000000f6430000,0x00000000f6450000,0x00000000f6450000)
  to   space 832K, 0% used [0x00000000f64a0000,0x00000000f64a0000,0x00000000f6570000)
 PSOldGen        total 60224K, used 29985K [0x00000000e0000000, 0x00000000e3ad0000, 0x00000000f5560000)
  object space 60224K, 49% used [0x00000000e0000000,0x00000000e1d48428,0x00000000e3ad0000)
 PSPermGen       total 63168K, used 61975K [0x00000000dae00000, 0x00000000debb0000, 0x00000000e0000000)
  object space 63168K, 98% used [0x00000000dae00000,0x00000000dea85cf8,0x00000000debb0000)

Code Cache  [0x00007f72d8107000, 0x00007f72d8f97000, 0x00007f72db107000)
 total_blobs=3477 nmethods=2838 adapters=591 free_code_cache=35331968 largest_free_block=42816

Dynamic libraries:
40000000-40009000 r-xp 00000000 07:00 1451309                            /usr/local/jdk6u43/jre/bin/java
40108000-4010a000 rwxp 00008000 07:00 1451309                            /usr/local/jdk6u43/jre/bin/java
41e4a000-41e6b000 rwxp 00000000 00:00 0                                  [heap]
dae00000-debb0000 rwxp 00000000 00:00 0 
debb0000-dfef0000 ---p 00000000 00:00 0 
dfef0000-e0000000 rwxp 00000000 00:00 0 
e0000000-e3ad0000 rwxp 00000000 00:00 0 
e3ad0000-f5560000 ---p 00000000 00:00 0 
f5560000-f6570000 rwxp 00000000 00:00 0 
f6570000-fdf30000 ---p 00000000 00:00 0 
fdf30000-100000000 rwxp 00000000 00:00 0 
7f7244000000-7f7244021000 rwxp 00000000 00:00 0 
7f7244021000-7f7248000000 ---p 00000000 00:00 0 
7f724c000000-7f724c033000 rwxp 00000000 00:00 0 
7f724c033000-7f7250000000 ---p 00000000 00:00 0 
7f7250000000-7f7250030000 rwxp 00000000 00:00 0 
7f7250030000-7f7254000000 ---p 00000000 00:00 0 
7f7254000000-7f7254039000 rwxp 00000000 00:00 0 
7f7254039000-7f7258000000 ---p 00000000 00:00 0 
7f7258000000-7f7258037000 rwxp 00000000 00:00 0 
7f7258037000-7f725c000000 ---p 00000000 00:00 0 
7f725c000000-7f725c062000 rwxp 00000000 00:00 0 
7f725c062000-7f7260000000 ---p 00000000 00:00 0 
7f7260000000-7f726002e000 rwxp 00000000 00:00 0 
7f726002e000-7f7264000000 ---p 00000000 00:00 0 
7f7264000000-7f7264021000 rwxp 00000000 00:00 0 
7f7264021000-7f7268000000 ---p 00000000 00:00 0 
7f7268000000-7f7268021000 rwxp 00000000 00:00 0 
7f7268021000-7f726c000000 ---p 00000000 00:00 0 
7f726c000000-7f726c021000 rwxp 00000000 00:00 0 
7f726c021000-7f7270000000 ---p 00000000 00:00 0 
7f7270000000-7f7270021000 rwxp 00000000 00:00 0 
7f7270021000-7f7274000000 ---p 00000000 00:00 0 
7f7274000000-7f72740dc000 rwxp 00000000 00:00 0 
7f72740dc000-7f7278000000 ---p 00000000 00:00 0 
7f7278000000-7f7278021000 rwxp 00000000 00:00 0 
7f7278021000-7f727c000000 ---p 00000000 00:00 0 
7f727c000000-7f727c021000 rwxp 00000000 00:00 0 
7f727c021000-7f7280000000 ---p 00000000 00:00 0 
7f7280000000-7f728004f000 rwxp 00000000 00:00 0 
7f728004f000-7f7284000000 ---p 00000000 00:00 0 
7f7284000000-7f7284021000 rwxp 00000000 00:00 0 
7f7284021000-7f7288000000 ---p 00000000 00:00 0 
7f7288000000-7f7288021000 rwxp 00000000 00:00 0 
7f7288021000-7f728c000000 ---p 00000000 00:00 0 
7f728c000000-7f728c021000 rwxp 00000000 00:00 0 
7f728c021000-7f7290000000 ---p 00000000 00:00 0 
7f7290000000-7f7290027000 rwxp 00000000 00:00 0 
7f7290027000-7f7294000000 ---p 00000000 00:00 0 
7f7294000000-7f729762e000 rwxp 00000000 00:00 0 
7f729762e000-7f7298000000 ---p 00000000 00:00 0 
7f7298000000-7f7298021000 rwxp 00000000 00:00 0 
7f7298021000-7f729c000000 ---p 00000000 00:00 0 
7f729c000000-7f729c021000 rwxp 00000000 00:00 0 
7f729c021000-7f72a0000000 ---p 00000000 00:00 0 
7f72a0000000-7f72a3fea000 rwxp 00000000 00:00 0 
7f72a3fea000-7f72a4000000 ---p 00000000 00:00 0 
7f72a4000000-7f72a4021000 rwxp 00000000 00:00 0 
7f72a4021000-7f72a8000000 ---p 00000000 00:00 0 
7f72a8000000-7f72a8021000 rwxp 00000000 00:00 0 
7f72a8021000-7f72ac000000 ---p 00000000 00:00 0 
7f72ac000000-7f72ac033000 rwxp 00000000 00:00 0 
7f72ac033000-7f72b0000000 ---p 00000000 00:00 0 
7f72b0000000-7f72b024f000 rwxp 00000000 00:00 0 
7f72b024f000-7f72b4000000 ---p 00000000 00:00 0 
7f72b4000000-7f72b403c000 rwxp 00000000 00:00 0 
7f72b403c000-7f72b8000000 ---p 00000000 00:00 0 
7f72b8000000-7f72b8034000 rwxp 00000000 00:00 0 
7f72b8034000-7f72bc000000 ---p 00000000 00:00 0 
7f72bc000000-7f72bc03e000 rwxp 00000000 00:00 0 
7f72bc03e000-7f72c0000000 ---p 00000000 00:00 0 
7f72c0000000-7f72c0037000 rwxp 00000000 00:00 0 
7f72c0037000-7f72c4000000 ---p 00000000 00:00 0 
7f72c4000000-7f72c402a000 rwxp 00000000 00:00 0 
7f72c402a000-7f72c8000000 ---p 00000000 00:00 0 
7f72c8000000-7f72c803a000 rwxp 00000000 00:00 0 
7f72c803a000-7f72cc000000 ---p 00000000 00:00 0 
7f72cc000000-7f72cc034000 rwxp 00000000 00:00 0 
7f72cc034000-7f72d0000000 ---p 00000000 00:00 0 
7f72d02ec000-7f72d02ef000 ---p 00000000 00:00 0 
7f72d02ef000-7f72d03ed000 rwxp 00000000 00:00 0 
7f72d03ed000-7f72d03f0000 ---p 00000000 00:00 0 
7f72d03f0000-7f72d04ee000 rwxp 00000000 00:00 0 
7f72d04ee000-7f72d04f1000 ---p 00000000 00:00 0 
7f72d04f1000-7f72d05ef000 rwxp 00000000 00:00 0 
7f72d05ef000-7f72d05f2000 ---p 00000000 00:00 0 
7f72d05f2000-7f72d06f0000 rwxp 00000000 00:00 0 
7f72d06f0000-7f72d06f3000 ---p 00000000 00:00 0 
7f72d06f3000-7f72d07f1000 rwxp 00000000 00:00 0 
7f72d07f1000-7f72d07f4000 ---p 00000000 00:00 0 
7f72d07f4000-7f72d08f2000 rwxp 00000000 00:00 0 
7f72d08f2000-7f72d08f5000 ---p 00000000 00:00 0 
7f72d08f5000-7f72d09f3000 rwxp 00000000 00:00 0 
7f72d09f3000-7f72d09f6000 ---p 00000000 00:00 0 
7f72d09f6000-7f72d0af4000 rwxp 00000000 00:00 0                          [stack:30217]
7f72d0af4000-7f72d0af7000 ---p 00000000 00:00 0 
7f72d0af7000-7f72d0bf5000 rwxp 00000000 00:00 0                          [stack:30216]
7f72d0bf5000-7f72d0bf8000 ---p 00000000 00:00 0 
7f72d0bf8000-7f72d0cf6000 rwxp 00000000 00:00 0                          [stack:30179]
7f72d0cf6000-7f72d0cf9000 ---p 00000000 00:00 0 
7f72d0cf9000-7f72d0df7000 rwxp 00000000 00:00 0                          [stack:30176]
7f72d0df7000-7f72d0dfa000 ---p 00000000 00:00 0 
7f72d0dfa000-7f72d0ef8000 rwxp 00000000 00:00 0                          [stack:30175]
7f72d0ef8000-7f72d0efb000 ---p 00000000 00:00 0 
7f72d0efb000-7f72d0ff9000 rwxp 00000000 00:00 0 
7f72d0ff9000-7f72d0ffc000 ---p 00000000 00:00 0 
7f72d0ffc000-7f72d10fa000 rwxp 00000000 00:00 0 
7f72d10fa000-7f72d1100000 r-xp 00000000 07:00 272991                     /usr/local/jdk6u43/jre/lib/amd64/libmanagement.so
7f72d1100000-7f72d11ff000 ---p 00006000 07:00 272991                     /usr/local/jdk6u43/jre/lib/amd64/libmanagement.so
7f72d11ff000-7f72d1201000 rwxp 00005000 07:00 272991                     /usr/local/jdk6u43/jre/lib/amd64/libmanagement.so
7f72d1201000-7f72d1204000 ---p 00000000 00:00 0 
7f72d1204000-7f72d1302000 rwxp 00000000 00:00 0                          [stack:30165]
7f72d1302000-7f72d1305000 ---p 00000000 00:00 0 
7f72d1305000-7f72d1403000 rwxp 00000000 00:00 0                          [stack:30164]
7f72d1403000-7f72d1406000 ---p 00000000 00:00 0 
7f72d1406000-7f72d1504000 rwxp 00000000 00:00 0                          [stack:30163]
7f72d1504000-7f72d1507000 ---p 00000000 00:00 0 
7f72d1507000-7f72d1605000 rwxp 00000000 00:00 0                          [stack:30162]
7f72d1605000-7f72d160c000 r-xp 00000000 07:00 272996                     /usr/local/jdk6u43/jre/lib/amd64/libnio.so
7f72d160c000-7f72d170b000 ---p 00007000 07:00 272996                     /usr/local/jdk6u43/jre/lib/amd64/libnio.so
7f72d170b000-7f72d170d000 rwxp 00006000 07:00 272996                     /usr/local/jdk6u43/jre/lib/amd64/libnio.so
7f72d170d000-7f72d1720000 r-xp 00000000 07:00 272995                     /usr/local/jdk6u43/jre/lib/amd64/libnet.so
7f72d1720000-7f72d1821000 ---p 00013000 07:00 272995                     /usr/local/jdk6u43/jre/lib/amd64/libnet.so
7f72d1821000-7f72d1824000 rwxp 00014000 07:00 272995                     /usr/local/jdk6u43/jre/lib/amd64/libnet.so
7f72d1824000-7f72d182c000 r-xs 00115000 07:00 140349                     /usr/local/jdk6u43/jre/lib/resources.jar
7f72d182c000-7f72d182d000 r-xs 00002000 07:00 1451797                    /usr/local/apache-ant-1.9.0/lib/ant-junit4.jar
7f72d182d000-7f72d1830000 r-xs 0001a000 07:00 1451795                    /usr/local/apache-ant-1.9.0/lib/ant-junit.jar
7f72d1830000-7f72d184e000 r-xs 001cd000 07:00 1451808                    /usr/local/apache-ant-1.9.0/lib/ant.jar
7f72d184e000-7f72d184f000 r-xs 00004000 07:00 1451799                    /usr/local/apache-ant-1.9.0/lib/ant-launcher.jar
7f72d184f000-7f72d185b000 r-xs 000b0000 07:00 1715739                    /home/hadoop/software/hadoop/hive/build/ivy/lib/default/zookeeper-3.4.3.jar
7f72d185b000-7f72d185c000 r-xs 00003000 07:00 1715753                    /home/hadoop/software/hadoop/hive/build/ivy/lib/default/xmlenc-0.52.jar
7f72d185c000-7f72d1864000 r-xs 00058000 07:00 1715672                    /home/hadoop/software/hadoop/hive/build/ivy/lib/default/velocity-1.5.jar
7f72d1864000-7f72d1868000 r-xs 00035000 07:00 1716883                    /home/hadoop/software/hadoop/hive/build/ivy/lib/default/stringtemplate-3.1-b1.jar
7f72d1868000-7f72d1869000 r-xs 00002000 07:00 1716868                    /home/hadoop/software/hadoop/hive/build/ivy/lib/default/slf4j-log4j12-1.6.1.jar
7f72d1869000-7f72d186b000 r-xs 00005000 07:00 1716867                    /home/hadoop/software/hadoop/hive/build/ivy/lib/default/slf4j-api-1.6.1.jar
7f72d186b000-7f72d186e000 r-xs 0001e000 07:00 1715747                    /home/hadoop/software/hadoop/hive/build/ivy/lib/default/servlet-api-2.5-6.1.14.jar
7f72d186e000-7f72d1870000 r-xs 0001f000 07:00 1721457                    /home/hadoop/software/hadoop/hive/build/ivy/lib/default/servlet-api-2.5-20081211.jar
7f72d1870000-7f72d1872000 r-xs 0000e000 07:00 1715756                    /home/hadoop/software/hadoop/hive/build/ivy/lib/default/oro-2.0.8.jar
7f72d1872000-7f72d1879000 r-xs 000a5000 07:00 1713646                    /home/hadoop/software/hadoop/hive/build/ivy/lib/default/mysql-connector-java-5.1.6.jar
7f72d1879000-7f72d1893000 r-xs 0012f000 07:00 1716866                    /home/hadoop/software/hadoop/hive/build/ivy/lib/default/mockito-all-1.8.2.jar
7f72d1893000-7f72d189c000 r-xs 0006d000 07:00 1716855                    /home/hadoop/software/hadoop/hive/build/ivy/lib/default/log4j-1.2.16.jar
7f72d189c000-7f72d18a2000 r-xs 00044000 07:00 1715758                    /home/hadoop/software/hadoop/hive/build/ivy/lib/default/libthrift-0.7.0.jar
7f72d18a2000-7f72d18a5000 r-xs 00028000 07:00 1716865                    /home/hadoop/software/hadoop/hive/build/ivy/lib/default/libfb303-0.7.0.jar
7f72d18a5000-7f72d18a6000 r-xs 00002000 07:00 1715763                    /home/hadoop/software/hadoop/hive/build/ivy/lib/default/kfs-0.3.jar
7f72d18a6000-7f72d18ac000 r-xs 0002b000 07:00 1715751                    /home/hadoop/software/hadoop/hive/build/ivy/lib/default/junit-4.5.jar
7f72d18ac000-7f72d18b3000 r-xs 00037000 07:00 1716899                    /home/hadoop/software/hadoop/hive/build/ivy/lib/default/junit-4.10.jar
7f72d18b3000-7f72d18b6000 r-xs 0001b000 07:00 1718867                    /home/hadoop/software/hadoop/hive/build/ivy/lib/default/junit-3.8.1.jar
7f72d18b6000-7f72d18b9000 r-xs 0001e000 07:00 1715741                    /home/hadoop/software/hadoop/hive/build/ivy/lib/default/jsp-api-2.1-6.1.14.jar
7f72d18b9000-7f72d18ca000 r-xs 000ea000 07:00 1715748                    /home/hadoop/software/hadoop/hive/build/ivy/lib/default/jsp-2.1-6.1.14.jar
7f72d18ca000-7f72d18cc000 r-xs 0000a000 07:00 1716898                    /home/hadoop/software/hadoop/hive/build/ivy/lib/default/json-20090211.jar
7f72d18cc000-7f72d18ce000 r-xs 00014000 07:00 1716920                    /home/hadoop/software/hadoop/hive/build/ivy/lib/default/jline-0.9.94.jar
7f72d18ce000-7f72d18d2000 r-xs 00028000 07:00 1721456                    /home/hadoop/software/hadoop/hive/build/ivy/lib/default/jetty-util-6.1.26.jar
7f72d18d2000-7f72d18d5000 r-xs 00025000 07:00 1715745                    /home/hadoop/software/hadoop/hive/build/ivy/lib/default/jetty-util-6.1.14.jar
7f72d18d5000-7f72d18dc000 r-xs 0007d000 07:00 1721455                    /home/hadoop/software/hadoop/hive/build/ivy/lib/default/jetty-6.1.26.jar
7f72d18dc000-7f72d18e3000 r-xs 00078000 07:00 1715736                    /home/hadoop/software/hadoop/hive/build/ivy/lib/default/jetty-6.1.14.jar
7f72d18e3000-7f72d18e9000 r-xs 00057000 07:00 1715764                    /home/hadoop/software/hadoop/hive/build/ivy/lib/default/jets3t-0.7.1.jar
7f72d18e9000-7f72d18ee000 r-xs 0002c000 07:00 1716889                    /home/hadoop/software/hadoop/hive/build/ivy/lib/default/jdo2-api-2.3-ec.jar
7f72d18ee000-7f72d18f0000 r-xs 00011000 07:00 1715752                    /home/hadoop/software/hadoop/hive/build/ivy/lib/default/jasper-runtime-5.5.12.jar
7f72d18f0000-7f72d18f5000 r-xs 0005e000 07:00 1715744                    /home/hadoop/software/hadoop/hive/build/ivy/lib/default/jasper-compiler-5.5.12.jar
7f72d18f5000-7f72d18f6000 r-xs 00007000 07:00 1716937                    /home/hadoop/software/hadoop/hive/build/ivy/lib/default/jackson-xc-1.8.8.jar
7f72d18f6000-7f72d1903000 r-xs 00097000 07:00 1715760                    /home/hadoop/software/hadoop/hive/build/ivy/lib/default/jackson-mapper-asl-1.8.8.jar
7f72d1903000-7f72d1904000 r-xs 00004000 07:00 1716934                    /home/hadoop/software/hadoop/hive/build/ivy/lib/default/jackson-jaxrs-1.8.8.jar
7f72d1904000-7f72d1908000 r-xs 00034000 07:00 1715762                    /home/hadoop/software/hadoop/hive/build/ivy/lib/default/jackson-core-asl-1.8.8.jar
7f72d1908000-7f72d1911000 r-xs 000a4000 07:00 1715740                    /home/hadoop/software/hadoop/hive/build/ivy/lib/default/hsqldb-1.8.0.10.jar
7f72d1911000-7f72d1914000 r-xs 00015000 07:00 1716936                    /home/hadoop/software/hadoop/hive/build/ivy/lib/default/high-scale-lib-1.1.1.jar
7f72d1914000-7f72d1960000 r-xs 004b9000 07:00 1713648                    /home/hadoop/software/hadoop/hive/build/ivy/lib/default/hbase-0.94.8.dp.jar
7f72d1960000-7f72d197f000 r-xs 0025e000 07:00 1713649                    /home/hadoop/software/hadoop/hive/build/ivy/lib/default/hbase-0.94.8.dp-tests.jar
7f72d197f000-7f72d19c3000 r-xs 00427000 07:00 1716938                    /home/hadoop/software/hadoop/hive/build/ivy/lib/default/hbase-0.94.1.jar
7f72d19c3000-7f72d19d9000 r-xs 001c9000 07:00 1716935                    /home/hadoop/software/hadoop/hive/build/ivy/lib/default/hbase-0.94.1-tests.jar
7f72d19d9000-7f72d19db000 r-xs 00011000 07:00 1716897                    /home/hadoop/software/hadoop/hive/build/ivy/lib/default/hamcrest-core-1.1.jar
7f72d19db000-7f72d19f3000 r-xs 00100000 07:00 1715754                    /home/hadoop/software/hadoop/hive/build/ivy/lib/default/guava-r09.jar
7f72d19f3000-7f72d1a05000 r-xs 00141000 07:00 1716881                    /home/hadoop/software/hadoop/hive/build/ivy/lib/default/datanucleus-rdbms-2.2.4.jar
7f72d1a05000-7f72d1a09000 r-xs 0002b000 07:00 1716879                    /home/hadoop/software/hadoop/hive/build/ivy/lib/default/datanucleus-enhancer-2.1.3.jar
7f72d1a09000-7f72d1a24000 r-xs 001c9000 07:00 1716882                    /home/hadoop/software/hadoop/hive/build/ivy/lib/default/datanucleus-core-2.2.5.jar
7f72d1a24000-7f72d1a26000 r-xs 00003000 07:00 1716886                    /home/hadoop/software/hadoop/hive/build/ivy/lib/default/datanucleus-connectionpool-2.0.3.jar
7f72d1a26000-7f72d1a49000 r-xs 00344000 07:00 1715743                    /home/hadoop/software/hadoop/hive/build/ivy/lib/default/core-3.1.1.jar
7f72d1a49000-7f72d1a4c000 r-xs 00015000 07:00 1716884                    /home/hadoop/software/hadoop/hive/build/ivy/lib/default/commons-pool-1.5.4.jar
7f72d1a4c000-7f72d1a51000 r-xs 00028000 07:00 1715755                    /home/hadoop/software/hadoop/hive/build/ivy/lib/default/commons-net-1.4.1.jar
7f72d1a51000-7f72d1a62000 r-xs 000bb000 07:00 1718862                    /home/hadoop/software/hadoop/hive/build/ivy/lib/default/commons-math-2.1.jar
7f72d1a62000-7f72d1a64000 r-xs 00005000 07:00 1715750                    /home/hadoop/software/hadoop/hive/build/ivy/lib/default/commons-logging-api-1.0.4.jar
7f72d1a64000-7f72d1a66000 r-xs 0000d000 07:00 1715761                    /home/hadoop/software/hadoop/hive/build/ivy/lib/default/commons-logging-1.1.1.jar
7f72d1a66000-7f72d1a68000 r-xs 00008000 07:00 1715757                    /home/hadoop/software/hadoop/hive/build/ivy/lib/default/commons-logging-1.0.4.jar
7f72d1a68000-7f72d1a6c000 r-xs 0003c000 07:00 1715671                    /home/hadoop/software/hadoop/hive/build/ivy/lib/default/commons-lang-2.4.jar
7f72d1a6c000-7f72d1a71000 r-xs 00040000 07:00 1715759                    /home/hadoop/software/hadoop/hive/build/ivy/lib/default/commons-httpclient-3.0.1.jar
7f72d1a71000-7f72d1a74000 r-xs 00019000 07:00 1715749                    /home/hadoop/software/hadoop/hive/build/ivy/lib/default/commons-el-1.0.jar
7f72d1a74000-7f72d1a78000 r-xs 00020000 07:00 1721454                    /home/hadoop/software/hadoop/hive/build/ivy/lib/default/commons-digester-1.8.jar
7f72d1a78000-7f72d1a7b000 r-xs 00025000 07:00 1716880                    /home/hadoop/software/hadoop/hive/build/ivy/lib/default/commons-dbcp-1.4.jar
7f72d1a7b000-7f72d1a81000 r-xs 00043000 07:00 1718863                    /home/hadoop/software/hadoop/hive/build/ivy/lib/default/commons-configuration-1.6.jar
7f72d1a81000-7f72d1a8f000 r-xs 0007f000 07:00 1716901                    /home/hadoop/software/hadoop/hive/build/ivy/lib/default/commons-collections-3.2.1.jar
7f72d1a8f000-7f72d1a91000 r-xs 0000d000 07:00 1718866                    /home/hadoop/software/hadoop/hive/build/ivy/lib/default/commons-codec-1.4.jar
7f72d1a91000-7f72d1a93000 r-xs 0000a000 07:00 1715742                    /home/hadoop/software/hadoop/hive/build/ivy/lib/default/commons-codec-1.3.jar
7f72d1a93000-7f72d1a95000 r-xs 00009000 07:00 1715746                    /home/hadoop/software/hadoop/hive/build/ivy/lib/default/commons-cli-1.2.jar
7f72d1a95000-7f72d1a99000 r-xs 0002f000 07:00 1721458                    /home/hadoop/software/hadoop/hive/build/ivy/lib/default/commons-beanutils-core-1.8.0.jar
7f72d1a99000-7f72d1a9e000 r-xs 0002a000 07:00 1718868                    /home/hadoop/software/hadoop/hive/build/ivy/lib/default/commons-beanutils-1.7.0.jar
7f72d1a9e000-7f72d1a9f000 r-xs 0000a000 07:00 1716885                    /home/hadoop/software/hadoop/hive/build/ivy/lib/default/asm-3.1.jar
7f72d1a9f000-7f72d1aa2000 r-xs 00017000 07:00 1716890                    /home/hadoop/software/hadoop/hive/build/ivy/lib/default/antlr-runtime-3.0.1.jar
7f72d1aa2000-7f72d1aa9000 r-xs 00083000 07:00 1716888                    /home/hadoop/software/hadoop/hive/build/ivy/lib/default/antlr-3.0.1.jar
7f72d1aa9000-7f72d1aae000 r-xs 00068000 07:00 1716878                    /home/hadoop/software/hadoop/hive/build/ivy/lib/default/antlr-2.7.7.jar
7f72d1aae000-7f72d1abd000 r-xs 000ee000 07:00 1715737                    /home/hadoop/software/hadoop/hive/build/ivy/lib/default/ant-1.6.5.jar
7f72d1abd000-7f72d1abf000 r-xs 00003000 07:00 1716900                    /home/hadoop/software/hadoop/hive/build/ivy/lib/default/JavaEWAH-0.3.2.jar
7f72d1abf000-7f72d1ac3000 r-xs 00019000 07:00 1716850                    /home/hadoop/software/hadoop/hive/build/shims/hive-shims-0.9.0.jar
7f72d1ac3000-7f72d1ac7000 r-xs 00028000 07:00 1716915                    /home/hadoop/software/hadoop/hive/build/service/hive-service-0.9.0.jar
7f72d1ac7000-7f72d1ad3000 r-xs 00075000 07:00 1716869                    /home/hadoop/software/hadoop/hive/build/serde/hive-serde-0.9.0.jar
7f72d1ad3000-7f72d1b0a000 r-xs 00333000 07:00 1716903                    /home/hadoop/software/hadoop/hive/build/ql/hive-exec-0.9.0.jar
7f72d1b0a000-7f72d1b0b000 r-xs 00003000 07:00 280840                     /home/hadoop/software/hadoop/hive/build/pdk/hive-pdk-0.9.0.jar
7f72d1b0b000-7f72d1b1e000 r-xs 00195000 07:00 1716892                    /home/hadoop/software/hadoop/hive/build/metastore/hive-metastore-0.9.0.jar
7f72d1b1e000-7f72d1b1f000 r-xs 0000e000 07:00 280836                     /home/hadoop/software/hadoop/hive/build/jdbc/hive-jdbc-0.9.0.jar
7f72d1b1f000-7f72d1b20000 r-xs 00005000 07:00 280838                     /home/hadoop/software/hadoop/hive/build/hwi/hive-hwi-0.9.0.jar
7f72d1b20000-7f72d1b22000 r-xs 0000c000 07:00 280839                     /home/hadoop/software/hadoop/hive/build/hbase-handler/hive-hbase-handler-0.9.0.jar
7f72d1b22000-7f72d1b2e000 r-xs 000b0000 07:00 1715771                    /home/hadoop/software/hadoop/hive/build/hadoopcore/zookeeper-3.4.3.jar
7f72d1b2e000-7f72d1b2f000 r-xs 00003000 07:00 1715785                    /home/hadoop/software/hadoop/hive/build/hadoopcore/xmlenc-0.52.jar
7f72d1b2f000-7f72d1b32000 r-xs 0001e000 07:00 1715779                    /home/hadoop/software/hadoop/hive/build/hadoopcore/servlet-api-2.5-6.1.14.jar
7f72d1b32000-7f72d1b34000 r-xs 0001f000 07:00 1715878                    /home/hadoop/software/hadoop/hive/build/hadoopcore/servlet-api-2.5-20081211.jar
7f72d1b34000-7f72d1b36000 r-xs 0000e000 07:00 1715788                    /home/hadoop/software/hadoop/hive/build/hadoopcore/oro-2.0.8.jar
7f72d1b36000-7f72d1b3c000 r-xs 00044000 07:00 1715790                    /home/hadoop/software/hadoop/hive/build/hadoopcore/libthrift-0.7.0.jar
7f72d1b3c000-7f72d1b3d000 r-xs 00002000 07:00 1715795                    /home/hadoop/software/hadoop/hive/build/hadoopcore/kfs-0.3.jar
7f72d1b3d000-7f72d1b43000 r-xs 0002b000 07:00 1715783                    /home/hadoop/software/hadoop/hive/build/hadoopcore/junit-4.5.jar
7f72d1b43000-7f72d1b46000 r-xs 0001b000 07:00 1715871                    /home/hadoop/software/hadoop/hive/build/hadoopcore/junit-3.8.1.jar
7f72d1b46000-7f72d1b49000 r-xs 0001e000 07:00 1715773                    /home/hadoop/software/hadoop/hive/build/hadoopcore/jsp-api-2.1-6.1.14.jar
7f72d1b49000-7f72d1b5a000 r-xs 000ea000 07:00 1715780                    /home/hadoop/software/hadoop/hive/build/hadoopcore/jsp-2.1-6.1.14.jar
7f72d1b5a000-7f72d1b5e000 r-xs 00028000 07:00 1715877                    /home/hadoop/software/hadoop/hive/build/hadoopcore/jetty-util-6.1.26.jar
7f72d1b5e000-7f72d1b61000 r-xs 00025000 07:00 1715777                    /home/hadoop/software/hadoop/hive/build/hadoopcore/jetty-util-6.1.14.jar
7f72d1b61000-7f72d1b68000 r-xs 0007d000 07:00 1715876                    /home/hadoop/software/hadoop/hive/build/hadoopcore/jetty-6.1.26.jar
7f72d1b68000-7f72d1b6f000 r-xs 00078000 07:00 1715768                    /home/hadoop/software/hadoop/hive/build/hadoopcore/jetty-6.1.14.jar
7f72d1b6f000-7f72d1b75000 r-xs 00057000 07:00 1715796                    /home/hadoop/software/hadoop/hive/build/hadoopcore/jets3t-0.7.1.jar
7f72d1b75000-7f72d1b77000 r-xs 00011000 07:00 1715784                    /home/hadoop/software/hadoop/hive/build/hadoopcore/jasper-runtime-5.5.12.jar
7f72d1b77000-7f72d1b7c000 r-xs 0005e000 07:00 1715776                    /home/hadoop/software/hadoop/hive/build/hadoopcore/jasper-compiler-5.5.12.jar
7f72d1b7c000-7f72d1b89000 r-xs 00097000 07:00 1715792                    /home/hadoop/software/hadoop/hive/build/hadoopcore/jackson-mapper-asl-1.8.8.jar
7f72d1b89000-7f72d1b8d000 r-xs 00034000 07:00 1715794                    /home/hadoop/software/hadoop/hive/build/hadoopcore/jackson-core-asl-1.8.8.jar
7f72d1b8d000-7f72d1b96000 r-xs 000a4000 07:00 1715772                    /home/hadoop/software/hadoop/hive/build/hadoopcore/hsqldb-1.8.0.10.jar
7f72d1b96000-7f72d1bae000 r-xs 00100000 07:00 1715786                    /home/hadoop/software/hadoop/hive/build/hadoopcore/guava-r09.jar
7f72d1bae000-7f72d1bd1000 r-xs 00344000 07:00 1715775                    /home/hadoop/software/hadoop/hive/build/hadoopcore/core-3.1.1.jar
7f72d1bd1000-7f72d1bd6000 r-xs 00028000 07:00 1715787                    /home/hadoop/software/hadoop/hive/build/hadoopcore/commons-net-1.4.1.jar
7f72d1bd6000-7f72d1be7000 r-xs 000bb000 07:00 1715867                    /home/hadoop/software/hadoop/hive/build/hadoopcore/commons-math-2.1.jar
7f72d1be7000-7f72d1be9000 r-xs 00005000 07:00 1715782                    /home/hadoop/software/hadoop/hive/build/hadoopcore/commons-logging-api-1.0.4.jar
7f72d1be9000-7f72d1beb000 r-xs 0000d000 07:00 1715793                    /home/hadoop/software/hadoop/hive/build/hadoopcore/commons-logging-1.1.1.jar
7f72d1beb000-7f72d1bed000 r-xs 00008000 07:00 1715789                    /home/hadoop/software/hadoop/hive/build/hadoopcore/commons-logging-1.0.4.jar
7f72d1bed000-7f72d1bf1000 r-xs 0003c000 07:00 1715872                    /home/hadoop/software/hadoop/hive/build/hadoopcore/commons-lang-2.4.jar
7f72d1bf1000-7f72d1bf6000 r-xs 00040000 07:00 1715791                    /home/hadoop/software/hadoop/hive/build/hadoopcore/commons-httpclient-3.0.1.jar
7f72d1bf6000-7f72d1bf9000 r-xs 00019000 07:00 1715781                    /home/hadoop/software/hadoop/hive/build/hadoopcore/commons-el-1.0.jar
7f72d1bf9000-7f72d1bfd000 r-xs 00020000 07:00 1715874                    /home/hadoop/software/hadoop/hive/build/hadoopcore/commons-digester-1.8.jar
7f72d1bfd000-7f72d1c03000 r-xs 00043000 07:00 1715868                    /home/hadoop/software/hadoop/hive/build/hadoopcore/commons-configuration-1.6.jar
7f72d1c03000-7f72d1c11000 r-xs 0007f000 07:00 1715875                    /home/hadoop/software/hadoop/hive/build/hadoopcore/commons-collections-3.2.1.jar
7f72d1c11000-7f72d1c13000 r-xs 0000d000 07:00 1715870                    /home/hadoop/software/hadoop/hive/build/hadoopcore/commons-codec-1.4.jar
7f72d1c13000-7f72d1c15000 r-xs 0000a000 07:00 1715774                    /home/hadoop/software/hadoop/hive/build/hadoopcore/commons-codec-1.3.jar
7f72d1c15000-7f72d1c17000 r-xs 00009000 07:00 1715778                    /home/hadoop/software/hadoop/hive/build/hadoopcore/commons-cli-1.2.jar
7f72d1c17000-7f72d1c1b000 r-xs 0002f000 07:00 1715879                    /home/hadoop/software/hadoop/hive/build/hadoopcore/commons-beanutils-core-1.8.0.jar
7f72d1c1b000-7f72d1c20000 r-xs 0002a000 07:00 1715873                    /home/hadoop/software/hadoop/hive/build/hadoopcore/commons-beanutils-1.7.0.jar
7f72d1c20000-7f72d1c2f000 r-xs 000ee000 07:00 1715769                    /home/hadoop/software/hadoop/hive/build/hadoopcore/ant-1.6.5.jar
7f72d1c2f000-7f72d1c32000 r-xs 00019000 07:00 1716908                    /home/hadoop/software/hadoop/hive/build/contrib/hive-contrib-0.9.0.jar
7f72d1c32000-7f72d1c34000 r-xs 0000e000 07:00 1716860                    /home/hadoop/software/hadoop/hive/build/common/hive-common-0.9.0.jar
7f72d1c34000-7f72d1c35000 r-xs 00007000 07:00 1716921                    /home/hadoop/software/hadoop/hive/build/cli/hive-cli-0.9.0.jar
7f72d1c35000-7f72d1c36000 r-xs 00000000 07:00 280841                     /home/hadoop/software/hadoop/hive/build/builtins/hive-builtins-0.9.0.jar
7f72d1c36000-7f72d1c37000 r-xs 00002000 07:00 1715684                    /home/hadoop/software/hadoop/hive/build/anttasks/hive-anttasks-0.9.0.jar
7f72d1c37000-7f72d1c39000 r-xs 00010000 07:00 1715808                    /home/hadoop/software/hadoop/hive/build/hadoopcore/hadoop-0.20.2/hadoop-0.20.2-tools.jar
7f72d1c39000-7f72d1c5d000 r-xs 0026d000 07:00 1715805                    /home/hadoop/software/hadoop/hive/build/hadoopcore/hadoop-0.20.2/hadoop-0.20.2-core.jar
7f72d1c5d000-7f72d1c5f000 r-xs 0000d000 07:00 671666                     /home/hadoop/software/hadoop/hive/build/hadoopcore/hadoop-1.0.3/lib/commons-codec-1.4.jar
7f72d1c5f000-7f72d1c60000 r-xs 00003000 07:00 276954                     /home/hadoop/software/hadoop/hive/build/hadoopcore/hadoop-0.20.2/lib/xmlenc-0.52.jar
7f72d1c60000-7f72d1c62000 r-xs 00001000 07:00 276953                     /home/hadoop/software/hadoop/hive/build/hadoopcore/hadoop-0.20.2/lib/slf4j-log4j12-1.4.3.jar
7f72d1c62000-7f72d1c63000 r-xs 00003000 07:00 276952                     /home/hadoop/software/hadoop/hive/build/hadoopcore/hadoop-0.20.2/lib/slf4j-api-1.4.3.jar
7f72d1c63000-7f72d1c66000 r-xs 0001e000 07:00 276951                     /home/hadoop/software/hadoop/hive/build/hadoopcore/hadoop-0.20.2/lib/servlet-api-2.5-6.1.14.jar
7f72d1c66000-7f72d1c68000 r-xs 0000e000 07:00 276950                     /home/hadoop/software/hadoop/hive/build/hadoopcore/hadoop-0.20.2/lib/oro-2.0.8.jar
7f72d1c68000-7f72d1c82000 r-xs 00127000 07:00 276939                     /home/hadoop/software/hadoop/hive/build/hadoopcore/hadoop-0.20.2/lib/mockito-all-1.8.0.jar
7f72d1c82000-7f72d1c89000 r-xs 00059000 07:00 276938                     /home/hadoop/software/hadoop/hive/build/hadoopcore/hadoop-0.20.2/lib/log4j-1.2.15.jar
7f72d1c89000-7f72d1c90000 r-xs 00078000 07:00 276931                     /home/hadoop/software/hadoop/hive/build/hadoopcore/hadoop-0.20.2/lib/jetty-6.1.14.jar
7f72d1c90000-7f72d1c92000 r-xs 00011000 07:00 276920                     /home/hadoop/software/hadoop/hive/build/hadoopcore/hadoop-0.20.2/lib/jasper-runtime-5.5.12.jar
7f72d1c94000-7f72d1c97000 r-xs 00036000 07:00 273034                     /usr/local/jdk6u43/jre/lib/ext/sunpkcs11.jar
7f72d1c97000-7f72d1c98000 r-xs 00002000 07:00 276936                     /home/hadoop/software/hadoop/hive/build/hadoopcore/hadoop-0.20.2/lib/kfs-0.2.2.jar
7f72d1c98000-7f72d1c9b000 r-xs 0001b000 07:00 276935                     /home/hadoop/software/hadoop/hive/build/hadoopcore/hadoop-0.20.2/lib/junit-3.8.1.jar
7f72d1c9b000-7f72d1c9e000 r-xs 0001e000 07:00 276934                     /home/hadoop/software/hadoop/hive/build/hadoopcore/hadoop-0.20.2/lib/jsp-2.1/jsp-api-2.1.jar
7f72d1c9e000-7f72d1caf000 r-xs 000ea000 07:00 276933                     /home/hadoop/software/hadoop/hive/build/hadoopcore/hadoop-0.20.2/lib/jsp-2.1/jsp-2.1.jar
7f72d1caf000-7f72d1cb4000 r-xs 0004a000 07:00 276930                     /home/hadoop/software/hadoop/hive/build/hadoopcore/hadoop-0.20.2/lib/jets3t-0.6.1.jar
7f72d1cb4000-7f72d1cb9000 r-xs 0005e000 07:00 276919                     /home/hadoop/software/hadoop/hive/build/hadoopcore/hadoop-0.20.2/lib/jasper-compiler-5.5.12.jar
7f72d1cb9000-7f72d1cc2000 r-xs 000a4000 07:00 276918                     /home/hadoop/software/hadoop/hive/build/hadoopcore/hadoop-0.20.2/lib/hsqldb-1.8.0.10.jar
7f72d1cc2000-7f72d1ce5000 r-xs 00344000 07:00 276916                     /home/hadoop/software/hadoop/hive/build/hadoopcore/hadoop-0.20.2/lib/core-3.1.1.jar
7f72d1ce5000-7f72d1cea000 r-xs 00028000 07:00 276915                     /home/hadoop/software/hadoop/hive/build/hadoopcore/hadoop-0.20.2/lib/commons-net-1.4.1.jar
7f72d1cea000-7f72d1d10000 r-xs 00230000 07:00 1716887                    /home/hadoop/software/hadoop/hive/build/ivy/lib/default/derby-10.4.2.0.jar
7f72d1d10000-7f72d1d11000 ---p 00000000 00:00 0 
7f72d1d11000-7f72d1e11000 rwxp 00000000 00:00 0                          [stack:30161]
7f72d1e11000-7f72d1e14000 ---p 00000000 00:00 0 
7f72d1e14000-7f72d1f12000 rwxp 00000000 00:00 0                          [stack:30160]
7f72d1f12000-7f72d1f15000 ---p 00000000 00:00 0 
7f72d1f15000-7f72d2013000 rwxp 00000000 00:00 0                          [stack:30159]
7f72d2013000-7f72d2016000 ---p 00000000 00:00 0 
7f72d2016000-7f72d2114000 rwxp 00000000 00:00 0                          [stack:30158]
7f72d2114000-7f72d2117000 ---p 00000000 00:00 0 
7f72d2117000-7f72d2215000 rwxp 00000000 00:00 0                          [stack:30157]
7f72d2215000-7f72d28f6000 r-xp 00000000 07:00 1315187                    /usr/lib/locale/locale-archive
7f72d28f6000-7f72d28f9000 ---p 00000000 00:00 0 
7f72d28f9000-7f72d29f7000 rwxp 00000000 00:00 0                          [stack:30156]
7f72d29f7000-7f72d29fa000 ---p 00000000 00:00 0 
7f72d29fa000-7f72d2af8000 rwxp 00000000 00:00 0                          [stack:30155]
7f72d2af8000-7f72d2af9000 ---p 00000000 00:00 0 
7f72d2af9000-7f72d3536000 rwxp 00000000 00:00 0                          [stack:30154]
7f72d3536000-7f72d36ce000 r-xs 03083000 07:00 140350                     /usr/local/jdk6u43/jre/lib/rt.jar
7f72d36ce000-7f72d36cf000 ---p 00000000 00:00 0 
7f72d36cf000-7f72d37cf000 rwxp 00000000 00:00 0                          [stack:30153]
7f72d37cf000-7f72d37d0000 ---p 00000000 00:00 0 
7f72d37d0000-7f72d38d0000 rwxp 00000000 00:00 0                          [stack:30152]
7f72d38d0000-7f72d38d1000 ---p 00000000 00:00 0 
7f72d38d1000-7f72d39d1000 rwxp 00000000 00:00 0                          [stack:30151]
7f72d39d1000-7f72d39d2000 ---p 00000000 00:00 0 
7f72d39d2000-7f72d3ad2000 rwxp 00000000 00:00 0                          [stack:30150]
7f72d3ad2000-7f72d3ad3000 ---p 00000000 00:00 0 
7f72d3ad3000-7f72d3bd3000 rwxp 00000000 00:00 0                          [stack:30149]
7f72d3bd3000-7f72d3bd4000 ---p 00000000 00:00 0 
7f72d3bd4000-7f72d3cd4000 rwxp 00000000 00:00 0                          [stack:30148]
7f72d3cd4000-7f72d3cd5000 ---p 00000000 00:00 0 
7f72d3cd5000-7f72d3dd5000 rwxp 00000000 00:00 0                          [stack:30147]
7f72d3dd5000-7f72d3dd6000 ---p 00000000 00:00 0 
7f72d3dd6000-7f72d3ef5000 rwxp 00000000 00:00 0                          [stack:30146]
7f72d3ef5000-7f72d3eff000 ---p 00000000 00:00 0 
7f72d3eff000-7f72d3f1d000 rwxp 00000000 00:00 0 
7f72d3f1d000-7f72d3fa9000 ---p 00000000 00:00 0 
7f72d3fa9000-7f72d3fb2000 rwxp 00000000 00:00 0 
7f72d3fb2000-7f72d3fef000 ---p 00000000 00:00 0 
7f72d3fef000-7f72d3fff000 rwxp 00000000 00:00 0 
7f72d3fff000-7f72d4000000 rwxp 00000000 00:00 0 
7f72d4000000-7f72d6230000 rwxp 00000000 00:00 0 
7f72d6230000-7f72d8000000 ---p 00000000 00:00 0 
7f72d8000000-7f72d8001000 r-xs 00000000 07:00 273221                     /home/hadoop/software/hadoop/hive/data/files/TestSerDe.jar
7f72d8001000-7f72d8004000 r-xs 00013000 07:00 140338                     /usr/local/jdk6u43/jre/lib/jce.jar
7f72d8004000-7f72d8006000 r-xs 00005000 07:00 276914                     /home/hadoop/software/hadoop/hive/build/hadoopcore/hadoop-0.20.2/lib/commons-logging-api-1.0.4.jar
7f72d8006000-7f72d8008000 r-xs 00008000 07:00 276913                     /home/hadoop/software/hadoop/hive/build/hadoopcore/hadoop-0.20.2/lib/commons-logging-1.0.4.jar
7f72d8008000-7f72d800b000 r-xs 00019000 07:00 276911                     /home/hadoop/software/hadoop/hive/build/hadoopcore/hadoop-0.20.2/lib/commons-el-1.0.jar
7f72d800b000-7f72d8052000 rwxp 00000000 00:00 0 
7f72d8052000-7f72d805c000 ---p 00000000 00:00 0 
7f72d805c000-7f72d807a000 rwxp 00000000 00:00 0 
7f72d807a000-7f72d8107000 ---p 00000000 00:00 0 
7f72d8107000-7f72d8f97000 rwxp 00000000 00:00 0 
7f72d8f97000-7f72db107000 rwxp 00000000 00:00 0 
7f72db107000-7f72db115000 r-xp 00000000 07:00 273004                     /usr/local/jdk6u43/jre/lib/amd64/libzip.so
7f72db115000-7f72db217000 ---p 0000e000 07:00 273004                     /usr/local/jdk6u43/jre/lib/amd64/libzip.so
7f72db217000-7f72db21a000 rwxp 00010000 07:00 273004                     /usr/local/jdk6u43/jre/lib/amd64/libzip.so
7f72db21a000-7f72db21b000 rwxp 00000000 00:00 0 
7f72db21b000-7f72db227000 r-xp 00000000 07:00 1582506                    /lib/x86_64-linux-gnu/libnss_files-2.15.so
7f72db227000-7f72db426000 ---p 0000c000 07:00 1582506                    /lib/x86_64-linux-gnu/libnss_files-2.15.so
7f72db426000-7f72db427000 r-xp 0000b000 07:00 1582506                    /lib/x86_64-linux-gnu/libnss_files-2.15.so
7f72db427000-7f72db428000 rwxp 0000c000 07:00 1582506                    /lib/x86_64-linux-gnu/libnss_files-2.15.so
7f72db428000-7f72db432000 r-xp 00000000 07:00 1582477                    /lib/x86_64-linux-gnu/libnss_nis-2.15.so
7f72db432000-7f72db632000 ---p 0000a000 07:00 1582477                    /lib/x86_64-linux-gnu/libnss_nis-2.15.so
7f72db632000-7f72db633000 r-xp 0000a000 07:00 1582477                    /lib/x86_64-linux-gnu/libnss_nis-2.15.so
7f72db633000-7f72db634000 rwxp 0000b000 07:00 1582477                    /lib/x86_64-linux-gnu/libnss_nis-2.15.so
7f72db634000-7f72db63c000 r-xp 00000000 07:00 1582520                    /lib/x86_64-linux-gnu/libnss_compat-2.15.so
7f72db63c000-7f72db83b000 ---p 00008000 07:00 1582520                    /lib/x86_64-linux-gnu/libnss_compat-2.15.so
7f72db83b000-7f72db83c000 r-xp 00007000 07:00 1582520                    /lib/x86_64-linux-gnu/libnss_compat-2.15.so
7f72db83c000-7f72db83d000 rwxp 00008000 07:00 1582520                    /lib/x86_64-linux-gnu/libnss_compat-2.15.so
7f72db83d000-7f72db854000 r-xp 00000000 07:00 1582516                    /lib/x86_64-linux-gnu/libnsl-2.15.so
7f72db854000-7f72dba53000 ---p 00017000 07:00 1582516                    /lib/x86_64-linux-gnu/libnsl-2.15.so
7f72dba53000-7f72dba54000 r-xp 00016000 07:00 1582516                    /lib/x86_64-linux-gnu/libnsl-2.15.so
7f72dba54000-7f72dba55000 rwxp 00017000 07:00 1582516                    /lib/x86_64-linux-gnu/libnsl-2.15.so
7f72dba55000-7f72dba57000 rwxp 00000000 00:00 0 
7f72dba57000-7f72dba80000 r-xp 00000000 07:00 272982                     /usr/local/jdk6u43/jre/lib/amd64/libjava.so
7f72dba80000-7f72dbb7f000 ---p 00029000 07:00 272982                     /usr/local/jdk6u43/jre/lib/amd64/libjava.so
7f72dbb7f000-7f72dbb86000 rwxp 00028000 07:00 272982                     /usr/local/jdk6u43/jre/lib/amd64/libjava.so
7f72dbb86000-7f72dbb93000 r-xp 00000000 07:00 273003                     /usr/local/jdk6u43/jre/lib/amd64/libverify.so
7f72dbb93000-7f72dbc92000 ---p 0000d000 07:00 273003                     /usr/local/jdk6u43/jre/lib/amd64/libverify.so
7f72dbc92000-7f72dbc95000 rwxp 0000c000 07:00 273003                     /usr/local/jdk6u43/jre/lib/amd64/libverify.so
7f72dbc95000-7f72dbc9c000 r-xp 00000000 07:00 1582508                    /lib/x86_64-linux-gnu/librt-2.15.so
7f72dbc9c000-7f72dbe9b000 ---p 00007000 07:00 1582508                    /lib/x86_64-linux-gnu/librt-2.15.so
7f72dbe9b000-7f72dbe9c000 r-xp 00006000 07:00 1582508                    /lib/x86_64-linux-gnu/librt-2.15.so
7f72dbe9c000-7f72dbe9d000 rwxp 00007000 07:00 1582508                    /lib/x86_64-linux-gnu/librt-2.15.so
7f72dbe9d000-7f72dbea0000 ---p 00000000 00:00 0 
7f72dbea0000-7f72dbf9e000 rwxp 00000000 00:00 0                          [stack:30145]
7f72dbf9e000-7f72dc099000 r-xp 00000000 07:00 1582517                    /lib/x86_64-linux-gnu/libm-2.15.so
7f72dc099000-7f72dc298000 ---p 000fb000 07:00 1582517                    /lib/x86_64-linux-gnu/libm-2.15.so
7f72dc298000-7f72dc299000 r-xp 000fa000 07:00 1582517                    /lib/x86_64-linux-gnu/libm-2.15.so
7f72dc299000-7f72dc29a000 rwxp 000fb000 07:00 1582517                    /lib/x86_64-linux-gnu/libm-2.15.so
7f72dc29a000-7f72dcbb8000 r-xp 00000000 07:00 429053                     /usr/local/jdk6u43/jre/lib/amd64/server/libjvm.so
7f72dcbb8000-7f72dccba000 ---p 0091e000 07:00 429053                     /usr/local/jdk6u43/jre/lib/amd64/server/libjvm.so
7f72dccba000-7f72dce70000 rwxp 00920000 07:00 429053                     /usr/local/jdk6u43/jre/lib/amd64/server/libjvm.so
7f72dce70000-7f72dceaa000 rwxp 00000000 00:00 0 
7f72dceaa000-7f72dd05f000 r-xp 00000000 07:00 1582521                    /lib/x86_64-linux-gnu/libc-2.15.so
7f72dd05f000-7f72dd25e000 ---p 001b5000 07:00 1582521                    /lib/x86_64-linux-gnu/libc-2.15.so
7f72dd25e000-7f72dd262000 r-xp 001b4000 07:00 1582521                    /lib/x86_64-linux-gnu/libc-2.15.so
7f72dd262000-7f72dd264000 rwxp 001b8000 07:00 1582521                    /lib/x86_64-linux-gnu/libc-2.15.so
7f72dd264000-7f72dd269000 rwxp 00000000 00:00 0 
7f72dd269000-7f72dd26b000 r-xp 00000000 07:00 1582519                    /lib/x86_64-linux-gnu/libdl-2.15.so
7f72dd26b000-7f72dd46b000 ---p 00002000 07:00 1582519                    /lib/x86_64-linux-gnu/libdl-2.15.so
7f72dd46b000-7f72dd46c000 r-xp 00002000 07:00 1582519                    /lib/x86_64-linux-gnu/libdl-2.15.so
7f72dd46c000-7f72dd46d000 rwxp 00003000 07:00 1582519                    /lib/x86_64-linux-gnu/libdl-2.15.so
7f72dd46d000-7f72dd485000 r-xp 00000000 07:00 1582504                    /lib/x86_64-linux-gnu/libpthread-2.15.so
7f72dd485000-7f72dd684000 ---p 00018000 07:00 1582504                    /lib/x86_64-linux-gnu/libpthread-2.15.so
7f72dd684000-7f72dd685000 r-xp 00017000 07:00 1582504                    /lib/x86_64-linux-gnu/libpthread-2.15.so
7f72dd685000-7f72dd686000 rwxp 00018000 07:00 1582504                    /lib/x86_64-linux-gnu/libpthread-2.15.so
7f72dd686000-7f72dd68a000 rwxp 00000000 00:00 0 
7f72dd68a000-7f72dd6ac000 r-xp 00000000 07:00 1582509                    /lib/x86_64-linux-gnu/ld-2.15.so
7f72dd6ac000-7f72dd6ae000 r-xs 0000a000 07:00 276910                     /home/hadoop/software/hadoop/hive/build/hadoopcore/hadoop-0.20.2/lib/commons-codec-1.3.jar
7f72dd6ae000-7f72dd6b0000 r-xs 00009000 07:00 276909                     /home/hadoop/software/hadoop/hive/build/hadoopcore/hadoop-0.20.2/lib/commons-cli-1.2.jar
7f72dd6b0000-7f72dd6b5000 r-xs 00032000 07:00 666191                     /home/hadoop/software/hadoop/hive/testlibs/ant-contrib-1.0b3.jar
7f72dd6b5000-7f72dd6c9000 r-xs 0016a000 07:00 1715807                    /home/hadoop/software/hadoop/hive/build/hadoopcore/hadoop-0.20.2/hadoop-0.20.2-test.jar
7f72dd6c9000-7f72dd704000 rwxp 00000000 00:00 0 
7f72dd704000-7f72dd789000 rwxp 00000000 00:00 0 
7f72dd789000-7f72dd78c000 rwxp 00000000 00:00 0 
7f72dd78c000-7f72dd793000 r-xp 00000000 07:00 429049                     /usr/local/jdk6u43/jre/lib/amd64/jli/libjli.so
7f72dd793000-7f72dd894000 ---p 00007000 07:00 429049                     /usr/local/jdk6u43/jre/lib/amd64/jli/libjli.so
7f72dd894000-7f72dd896000 rwxp 00008000 07:00 429049                     /usr/local/jdk6u43/jre/lib/amd64/jli/libjli.so
7f72dd896000-7f72dd897000 rwxp 00000000 00:00 0 
7f72dd897000-7f72dd898000 r-xp 00000000 00:00 0 
7f72dd898000-7f72dd89b000 r-xs 00025000 07:00 276932                     /home/hadoop/software/hadoop/hive/build/hadoopcore/hadoop-0.20.2/lib/jetty-util-6.1.14.jar
7f72dd89b000-7f72dd8a0000 r-xs 00040000 07:00 276912                     /home/hadoop/software/hadoop/hive/build/hadoopcore/hadoop-0.20.2/lib/commons-httpclient-3.0.1.jar
7f72dd8a0000-7f72dd8a8000 rwxs 00000000 07:00 1721551                    /tmp/hsperfdata_hadoop/30141
7f72dd8a8000-7f72dd8a9000 rwxp 00000000 00:00 0 
7f72dd8a9000-7f72dd8aa000 r-xp 00000000 00:00 0 
7f72dd8aa000-7f72dd8ac000 rwxp 00000000 00:00 0 
7f72dd8ac000-7f72dd8ad000 r-xp 00022000 07:00 1582509                    /lib/x86_64-linux-gnu/ld-2.15.so
7f72dd8ad000-7f72dd8af000 rwxp 00023000 07:00 1582509                    /lib/x86_64-linux-gnu/ld-2.15.so
7fffadaf7000-7fffadb1c000 rwxp 00000000 00:00 0                          [stack]
7fffadba2000-7fffadba3000 r-xp 00000000 00:00 0                          [vdso]
ffffffffff600000-ffffffffff601000 r-xp 00000000 00:00 0                  [vsyscall]

VM Arguments:
jvm_args: -Xmx512m -Dtest.output.overwrite=false -Dtest.service.standalone.server=false -Dlog4j.configuration=file:///home/hadoop/software/hadoop/hive/data/conf/hive-log4j.properties -Dderby.stream.error.file=/home/hadoop/software/hadoop/hive/build/ql/test/derby.log -Dhive.aux.jars.path=file:///home/hadoop/software/hadoop/hive/build/ql/test/test-udfs.jar -Dql.test.query.clientpositive.dir=/home/hadoop/software/hadoop/hive/ql/src/test/queries/clientpositive -Dql.test.results.clientpositive.dir=/home/hadoop/software/hadoop/hive/ql/src/test/results/clientpositive -Dtest.log.dir=/home/hadoop/software/hadoop/hive/build/ql/test/logs -Dhadoop.log.dir=/home/hadoop/software/hadoop/hive/build/ql/test/logs -Dtest.silent=true -Dtest.tmp.dir=/home/hadoop/software/hadoop/hive/build/ql/tmp -Dtest.src.data.dir=/home/hadoop/software/hadoop/hive/data -Dtest.warehouse.dir=pfile:///home/hadoop/software/hadoop/hive/build/ql/test/data/warehouse -Dtest.build.resources=/home/hadoop/software/hadoop/hive/build/ql/test/resources -Dmapred.job.tracker=local -Dfs.default.name=file:/// -Dbuild.dir=/home/hadoop/software/hadoop/hive/build/ql -Dbuild.dir.hive=/home/hadoop/software/hadoop/hive/build -Dbuild.ivy.lib.dir=/home/hadoop/software/hadoop/hive/build/ivy/lib -Dderby.version=10.4.2.0 -Dhive.version=0.9.0 -ea 
java_command: org.apache.tools.ant.taskdefs.optional.junit.JUnitTestRunner org.apache.hadoop.hive.cli.TestCliDriver filtertrace=false haltOnError=false haltOnFailure=false formatter=org.apache.tools.ant.taskdefs.optional.junit.SummaryJUnitResultFormatter showoutput=true outputtoformatters=true logfailedtests=true logtestlistenerevents=false formatter=org.apache.tools.ant.taskdefs.optional.junit.XMLJUnitResultFormatter,/home/hadoop/software/hadoop/hive/build/ql/test/TEST-org.apache.hadoop.hive.cli.TestCliDriver.xml crashfile=/home/hadoop/software/hadoop/hive/ql/junitvmwatcher4016602903096680431.properties propsfile=/home/hadoop/software/hadoop/hive/ql/junit8110994862997411789.properties
Launcher Type: SUN_STANDARD

Environment Variables:
JAVA_HOME=/usr/local/jdk
PATH=/usr/lib/lightdm/lightdm:/usr/local/sbin:/usr/local/bin:/usr/sbin:/usr/bin:/sbin:/bin:/usr/games:/usr/local/games:/usr/local/jdk/bin:/usr/local/hadoop/hive-release/bin/:/usr/local/hadoop/hadoop-release/bin:/usr/local/apache-maven-3.0.4/bin:/usr/local/apache-ant-1.9.0/bin:/usr/local/hadoop/hbase-release/bin:/usr/local/hadoop/zookeeper-3.4.5/bin
LD_LIBRARY_PATH=/usr/local/jdk6u43/jre/lib/amd64/server:/usr/local/jdk6u43/jre/lib/amd64:/usr/local/jdk6u43/jre/../lib/amd64
SHELL=/bin/bash
DISPLAY=:0.0

Signal Handlers:
SIGSEGV: [libjvm.so+0x862a30], sa_mask[0]=0x7ffbfeff, sa_flags=0x10000004
SIGBUS: [libjvm.so+0x862a30], sa_mask[0]=0x7ffbfeff, sa_flags=0x10000004
SIGFPE: [libjvm.so+0x7106f0], sa_mask[0]=0x7ffbfeff, sa_flags=0x10000004
SIGPIPE: [libjvm.so+0x7106f0], sa_mask[0]=0x7ffbfeff, sa_flags=0x10000004
SIGXFSZ: [libjvm.so+0x7106f0], sa_mask[0]=0x7ffbfeff, sa_flags=0x10000004
SIGILL: [libjvm.so+0x7106f0], sa_mask[0]=0x7ffbfeff, sa_flags=0x10000004
SIGUSR1: SIG_DFL, sa_mask[0]=0x00000000, sa_flags=0x00000000
SIGUSR2: [libjvm.so+0x713520], sa_mask[0]=0x00000004, sa_flags=0x10000004
SIGHUP: [libjvm.so+0x713120], sa_mask[0]=0x7ffbfeff, sa_flags=0x10000004
SIGINT: [libjvm.so+0x713120], sa_mask[0]=0x7ffbfeff, sa_flags=0x10000004
SIGTERM: [libjvm.so+0x713120], sa_mask[0]=0x7ffbfeff, sa_flags=0x10000004
SIGQUIT: [libjvm.so+0x713120], sa_mask[0]=0x7ffbfeff, sa_flags=0x10000004


---------------  S Y S T E M  ---------------

OS:wheezy/sid

uname:Linux 3.5.0-17-generic #28-Ubuntu SMP Tue Oct 9 19:31:23 UTC 2012 x86_64
libc:glibc 2.15 NPTL 2.15 
rlimit: STACK 8192k, CORE 0k, NPROC 62471, NOFILE 4096, AS infinity
load average:2.87 2.37 2.34

/proc/meminfo:
MemTotal:        8014704 kB
MemFree:          332276 kB
Buffers:          934332 kB
Cached:          2194080 kB
SwapCached:         6492 kB
Active:          4609888 kB
Inactive:        2679628 kB
Active(anon):    3691912 kB
Inactive(anon):  1286620 kB
Active(file):     917976 kB
Inactive(file):  1393008 kB
Unevictable:       36424 kB
Mlocked:           33732 kB
SwapTotal:        262140 kB
SwapFree:         126352 kB
Dirty:              4088 kB
Writeback:             0 kB
AnonPages:       4192136 kB
Mapped:           176800 kB
Shmem:            805656 kB
Slab:             193960 kB
SReclaimable:     143232 kB
SUnreclaim:        50728 kB
KernelStack:        6176 kB
PageTables:        63296 kB
NFS_Unstable:          0 kB
Bounce:                0 kB
WritebackTmp:          0 kB
CommitLimit:     4269492 kB
Committed_AS:   10307248 kB
VmallocTotal:   34359738367 kB
VmallocUsed:      565492 kB
VmallocChunk:   34359056500 kB
HardwareCorrupted:     0 kB
AnonHugePages:         0 kB
HugePages_Total:       0
HugePages_Free:        0
HugePages_Rsvd:        0
HugePages_Surp:        0
Hugepagesize:       2048 kB
DirectMap4k:       88064 kB
DirectMap2M:     7094272 kB


CPU:total 8 (4 cores per cpu, 2 threads per core) family 6 model 58 stepping 9, cmov, cx8, fxsr, mmx, sse, sse2, sse3, ssse3, sse4.1, sse4.2, popcnt, ht

/proc/cpuinfo:
processor	: 0
vendor_id	: GenuineIntel
cpu family	: 6
model		: 58
model name	: Intel(R) Core(TM) i7-3610QM CPU @ 2.30GHz
stepping	: 9
microcode	: 0x12
cpu MHz		: 1400.000
cache size	: 6144 KB
physical id	: 0
siblings	: 8
core id		: 0
cpu cores	: 4
apicid		: 0
initial apicid	: 0
fpu		: yes
fpu_exception	: yes
cpuid level	: 13
wp		: yes
flags		: fpu vme de pse tsc msr pae mce cx8 apic sep mtrr pge mca cmov pat pse36 clflush dts acpi mmx fxsr sse sse2 ss ht tm pbe syscall nx rdtscp lm constant_tsc arch_perfmon pebs bts rep_good nopl xtopology nonstop_tsc aperfmperf pni pclmulqdq dtes64 monitor ds_cpl vmx est tm2 ssse3 cx16 xtpr pdcm pcid sse4_1 sse4_2 x2apic popcnt tsc_deadline_timer aes xsave avx f16c rdrand lahf_lm ida arat epb xsaveopt pln pts dtherm tpr_shadow vnmi flexpriority ept vpid fsgsbase smep erms
bogomips	: 4589.93
clflush size	: 64
cache_alignment	: 64
address sizes	: 36 bits physical, 48 bits virtual
power management:

processor	: 1
vendor_id	: GenuineIntel
cpu family	: 6
model		: 58
model name	: Intel(R) Core(TM) i7-3610QM CPU @ 2.30GHz
stepping	: 9
microcode	: 0x12
cpu MHz		: 2300.000
cache size	: 6144 KB
physical id	: 0
siblings	: 8
core id		: 0
cpu cores	: 4
apicid		: 1
initial apicid	: 1
fpu		: yes
fpu_exception	: yes
cpuid level	: 13
wp		: yes
flags		: fpu vme de pse tsc msr pae mce cx8 apic sep mtrr pge mca cmov pat pse36 clflush dts acpi mmx fxsr sse sse2 ss ht tm pbe syscall nx rdtscp lm constant_tsc arch_perfmon pebs bts rep_good nopl xtopology nonstop_tsc aperfmperf pni pclmulqdq dtes64 monitor ds_cpl vmx est tm2 ssse3 cx16 xtpr pdcm pcid sse4_1 sse4_2 x2apic popcnt tsc_deadline_timer aes xsave avx f16c rdrand lahf_lm ida arat epb xsaveopt pln pts dtherm tpr_shadow vnmi flexpriority ept vpid fsgsbase smep erms
bogomips	: 4589.93
clflush size	: 64
cache_alignment	: 64
address sizes	: 36 bits physical, 48 bits virtual
power management:

processor	: 2
vendor_id	: GenuineIntel
cpu family	: 6
model		: 58
model name	: Intel(R) Core(TM) i7-3610QM CPU @ 2.30GHz
stepping	: 9
microcode	: 0x12
cpu MHz		: 1200.000
cache size	: 6144 KB
physical id	: 0
siblings	: 8
core id		: 1
cpu cores	: 4
apicid		: 2
initial apicid	: 2
fpu		: yes
fpu_exception	: yes
cpuid level	: 13
wp		: yes
flags		: fpu vme de pse tsc msr pae mce cx8 apic sep mtrr pge mca cmov pat pse36 clflush dts acpi mmx fxsr sse sse2 ss ht tm pbe syscall nx rdtscp lm constant_tsc arch_perfmon pebs bts rep_good nopl xtopology nonstop_tsc aperfmperf pni pclmulqdq dtes64 monitor ds_cpl vmx est tm2 ssse3 cx16 xtpr pdcm pcid sse4_1 sse4_2 x2apic popcnt tsc_deadline_timer aes xsave avx f16c rdrand lahf_lm ida arat epb xsaveopt pln pts dtherm tpr_shadow vnmi flexpriority ept vpid fsgsbase smep erms
bogomips	: 4589.93
clflush size	: 64
cache_alignment	: 64
address sizes	: 36 bits physical, 48 bits virtual
power management:

processor	: 3
vendor_id	: GenuineIntel
cpu family	: 6
model		: 58
model name	: Intel(R) Core(TM) i7-3610QM CPU @ 2.30GHz
stepping	: 9
microcode	: 0x12
cpu MHz		: 1200.000
cache size	: 6144 KB
physical id	: 0
siblings	: 8
core id		: 1
cpu cores	: 4
apicid		: 3
initial apicid	: 3
fpu		: yes
fpu_exception	: yes
cpuid level	: 13
wp		: yes
flags		: fpu vme de pse tsc msr pae mce cx8 apic sep mtrr pge mca cmov pat pse36 clflush dts acpi mmx fxsr sse sse2 ss ht tm pbe syscall nx rdtscp lm constant_tsc arch_perfmon pebs bts rep_good nopl xtopology nonstop_tsc aperfmperf pni pclmulqdq dtes64 monitor ds_cpl vmx est tm2 ssse3 cx16 xtpr pdcm pcid sse4_1 sse4_2 x2apic popcnt tsc_deadline_timer aes xsave avx f16c rdrand lahf_lm ida arat epb xsaveopt pln pts dtherm tpr_shadow vnmi flexpriority ept vpid fsgsbase smep erms
bogomips	: 4589.93
clflush size	: 64
cache_alignment	: 64
address sizes	: 36 bits physical, 48 bits virtual
power management:

processor	: 4
vendor_id	: GenuineIntel
cpu family	: 6
model		: 58
model name	: Intel(R) Core(TM) i7-3610QM CPU @ 2.30GHz
stepping	: 9
microcode	: 0x12
cpu MHz		: 1400.000
cache size	: 6144 KB
physical id	: 0
siblings	: 8
core id		: 2
cpu cores	: 4
apicid		: 4
initial apicid	: 4
fpu		: yes
fpu_exception	: yes
cpuid level	: 13
wp		: yes
flags		: fpu vme de pse tsc msr pae mce cx8 apic sep mtrr pge mca cmov pat pse36 clflush dts acpi mmx fxsr sse sse2 ss ht tm pbe syscall nx rdtscp lm constant_tsc arch_perfmon pebs bts rep_good nopl xtopology nonstop_tsc aperfmperf pni pclmulqdq dtes64 monitor ds_cpl vmx est tm2 ssse3 cx16 xtpr pdcm pcid sse4_1 sse4_2 x2apic popcnt tsc_deadline_timer aes xsave avx f16c rdrand lahf_lm ida arat epb xsaveopt pln pts dtherm tpr_shadow vnmi flexpriority ept vpid fsgsbase smep erms
bogomips	: 4589.93
clflush size	: 64
cache_alignment	: 64
address sizes	: 36 bits physical, 48 bits virtual
power management:

processor	: 5
vendor_id	: GenuineIntel
cpu family	: 6
model		: 58
model name	: Intel(R) Core(TM) i7-3610QM CPU @ 2.30GHz
stepping	: 9
microcode	: 0x12
cpu MHz		: 1200.000
cache size	: 6144 KB
physical id	: 0
siblings	: 8
core id		: 2
cpu cores	: 4
apicid		: 5
initial apicid	: 5
fpu		: yes
fpu_exception	: yes
cpuid level	: 13
wp		: yes
flags		: fpu vme de pse tsc msr pae mce cx8 apic sep mtrr pge mca cmov pat pse36 clflush dts acpi mmx fxsr sse sse2 ss ht tm pbe syscall nx rdtscp lm constant_tsc arch_perfmon pebs bts rep_good nopl xtopology nonstop_tsc aperfmperf pni pclmulqdq dtes64 monitor ds_cpl vmx est tm2 ssse3 cx16 xtpr pdcm pcid sse4_1 sse4_2 x2apic popcnt tsc_deadline_timer aes xsave avx f16c rdrand lahf_lm ida arat epb xsaveopt pln pts dtherm tpr_shadow vnmi flexpriority ept vpid fsgsbase smep erms
bogomips	: 4589.93
clflush size	: 64
cache_alignment	: 64
address sizes	: 36 bits physical, 48 bits virtual
power management:

processor	: 6
vendor_id	: GenuineIntel
cpu family	: 6
model		: 58
model name	: Intel(R) Core(TM) i7-3610QM CPU @ 2.30GHz
stepping	: 9
microcode	: 0x12
cpu MHz		: 1400.000
cache size	: 6144 KB
physical id	: 0
siblings	: 8
core id		: 3
cpu cores	: 4
apicid		: 6
initial apicid	: 6
fpu		: yes
fpu_exception	: yes
cpuid level	: 13
wp		: yes
flags		: fpu vme de pse tsc msr pae mce cx8 apic sep mtrr pge mca cmov pat pse36 clflush dts acpi mmx fxsr sse sse2 ss ht tm pbe syscall nx rdtscp lm constant_tsc arch_perfmon pebs bts rep_good nopl xtopology nonstop_tsc aperfmperf pni pclmulqdq dtes64 monitor ds_cpl vmx est tm2 ssse3 cx16 xtpr pdcm pcid sse4_1 sse4_2 x2apic popcnt tsc_deadline_timer aes xsave avx f16c rdrand lahf_lm ida arat epb xsaveopt pln pts dtherm tpr_shadow vnmi flexpriority ept vpid fsgsbase smep erms
bogomips	: 4589.93
clflush size	: 64
cache_alignment	: 64
address sizes	: 36 bits physical, 48 bits virtual
power management:

processor	: 7
vendor_id	: GenuineIntel
cpu family	: 6
model		: 58
model name	: Intel(R) Core(TM) i7-3610QM CPU @ 2.30GHz
stepping	: 9
microcode	: 0x12
cpu MHz		: 1200.000
cache size	: 6144 KB
physical id	: 0
siblings	: 8
core id		: 3
cpu cores	: 4
apicid		: 7
initial apicid	: 7
fpu		: yes
fpu_exception	: yes
cpuid level	: 13
wp		: yes
flags		: fpu vme de pse tsc msr pae mce cx8 apic sep mtrr pge mca cmov pat pse36 clflush dts acpi mmx fxsr sse sse2 ss ht tm pbe syscall nx rdtscp lm constant_tsc arch_perfmon pebs bts rep_good nopl xtopology nonstop_tsc aperfmperf pni pclmulqdq dtes64 monitor ds_cpl vmx est tm2 ssse3 cx16 xtpr pdcm pcid sse4_1 sse4_2 x2apic popcnt tsc_deadline_timer aes xsave avx f16c rdrand lahf_lm ida arat epb xsaveopt pln pts dtherm tpr_shadow vnmi flexpriority ept vpid fsgsbase smep erms
bogomips	: 4589.93
clflush size	: 64
cache_alignment	: 64
address sizes	: 36 bits physical, 48 bits virtual
power management:



Memory: 4k page, physical 8014704k(332276k free), swap 262140k(126352k free)

vm_info: Java HotSpot(TM) 64-Bit Server VM (20.14-b01) for linux-amd64 JRE (1.6.0_43-b01), built on Mar  1 2013 03:16:05 by "java_re" with gcc 3.2.2 (SuSE Linux)

time: Mon Sep 23 23:49:41 2013
elapsed time: 14586 seconds

